2012/07/05 07:44:23 [error] [exception.CException] exception 'CException' with message 'Не определено свойство "CHasOneRelation.0".' in /home/kot/public_html/yii/framework/base/CComponent.php:174
Stack trace:
#0 /home/kot/public_html/yii/framework/db/ar/CActiveRecord.php(1932): CComponent->__set('0', 'id=urls.recordI...')
#1 /home/kot/public_html/yii/framework/db/ar/CActiveRecord.php(2310): CBaseActiveRelation->__construct('page', 'Page', false, Array)
#2 /home/kot/public_html/yii/framework/db/ar/CActiveRecord.php(2291): CActiveRecordMetaData->addRelation('page', Array)
#3 /home/kot/public_html/yii/framework/db/ar/CActiveRecord.php(379): CActiveRecordMetaData->__construct(Object(Urls))
#4 /home/kot/public_html/ekar/www/protected/models/Urls.php(21): CActiveRecord::model('Urls')
#5 /home/kot/public_html/ekar/www/protected/widgets/menu/VMenuWidget.php(8): Urls::model()
#6 /home/kot/public_html/yii/framework/web/CBaseController.php(148): VMenuWidget->init()
#7 /home/kot/public_html/yii/framework/web/CBaseController.php(173): CBaseController->createWidget('application.wid...', Array)
#8 /home/kot/public_html/ekar/www/themes/develop/views/layouts/main.php(29): CBaseController->widget('application.wid...')
#9 /home/kot/public_html/yii/framework/web/CBaseController.php(127): require('/home/kot/publi...')
#10 /home/kot/public_html/yii/framework/web/CBaseController.php(96): CBaseController->renderInternal('/home/kot/publi...', Array, true)
#11 /home/kot/public_html/yii/framework/web/widgets/CContentDecorator.php(77): CBaseController->renderFile('/home/kot/publi...', Array, true)
#12 /home/kot/public_html/yii/framework/web/widgets/CContentDecorator.php(55): CContentDecorator->decorate('<div id="conten...')
#13 /home/kot/public_html/yii/framework/web/widgets/COutputProcessor.php(45): CContentDecorator->processOutput('<div id="conten...')
#14 /home/kot/public_html/yii/framework/web/CBaseController.php(207): COutputProcessor->run()
#15 /home/kot/public_html/yii/framework/web/CBaseController.php(301): CBaseController->endWidget('CContentDecorat...')
#16 /home/kot/public_html/ekar/www/protected/views/layouts/column1.php(5): CBaseController->endContent()
#17 /home/kot/public_html/yii/framework/web/CBaseController.php(127): require('/home/kot/publi...')
#18 /home/kot/public_html/yii/framework/web/CBaseController.php(96): CBaseController->renderInternal('/home/kot/publi...', Array, true)
#19 /home/kot/public_html/yii/framework/web/CController.php(785): CBaseController->renderFile('/home/kot/publi...', Array, true)
#20 /home/kot/public_html/ekar/www/protected/controllers/SiteController.php(43): CController->render('index')
#21 [internal function]: SiteController->actionIndex('', '')
#22 /home/kot/public_html/yii/framework/web/actions/CAction.php(107): ReflectionMethod->invokeArgs(Object(SiteController), Array)
#23 /home/kot/public_html/yii/framework/web/actions/CInlineAction.php(48): CAction->runWithParamsInternal(Object(SiteController), Object(ReflectionMethod), Array)
#24 /home/kot/public_html/yii/framework/web/CController.php(309): CInlineAction->runWithParams(Array)
#25 /home/kot/public_html/yii/framework/web/CController.php(287): CController->runAction(Object(CInlineAction))
#26 /home/kot/public_html/yii/framework/web/CController.php(266): CController->runActionWithFilters(Object(CInlineAction), Array)
#27 /home/kot/public_html/yii/framework/web/CWebApplication.php(276): CController->run('')
#28 /home/kot/public_html/yii/framework/web/CWebApplication.php(135): CWebApplication->runController('')
#29 /home/kot/public_html/yii/framework/base/CApplication.php(162): CWebApplication->processRequest()
#30 /home/kot/public_html/ekar/www/index.php(13): CApplication->run()
#31 {main}
REQUEST_URI=/
---
2012/07/05 07:44:44 [error] [exception.CException] exception 'CException' with message 'Не определено свойство "CHasOneRelation.0".' in /home/kot/public_html/yii/framework/base/CComponent.php:174
Stack trace:
#0 /home/kot/public_html/yii/framework/db/ar/CActiveRecord.php(1932): CComponent->__set('0', 'id=urls.recordI...')
#1 /home/kot/public_html/yii/framework/db/ar/CActiveRecord.php(2310): CBaseActiveRelation->__construct('page', 'Page', '', Array)
#2 /home/kot/public_html/yii/framework/db/ar/CActiveRecord.php(2291): CActiveRecordMetaData->addRelation('page', Array)
#3 /home/kot/public_html/yii/framework/db/ar/CActiveRecord.php(379): CActiveRecordMetaData->__construct(Object(Urls))
#4 /home/kot/public_html/ekar/www/protected/models/Urls.php(21): CActiveRecord::model('Urls')
#5 /home/kot/public_html/ekar/www/protected/widgets/menu/VMenuWidget.php(8): Urls::model()
#6 /home/kot/public_html/yii/framework/web/CBaseController.php(148): VMenuWidget->init()
#7 /home/kot/public_html/yii/framework/web/CBaseController.php(173): CBaseController->createWidget('application.wid...', Array)
#8 /home/kot/public_html/ekar/www/themes/develop/views/layouts/main.php(29): CBaseController->widget('application.wid...')
#9 /home/kot/public_html/yii/framework/web/CBaseController.php(127): require('/home/kot/publi...')
#10 /home/kot/public_html/yii/framework/web/CBaseController.php(96): CBaseController->renderInternal('/home/kot/publi...', Array, true)
#11 /home/kot/public_html/yii/framework/web/widgets/CContentDecorator.php(77): CBaseController->renderFile('/home/kot/publi...', Array, true)
#12 /home/kot/public_html/yii/framework/web/widgets/CContentDecorator.php(55): CContentDecorator->decorate('<div id="conten...')
#13 /home/kot/public_html/yii/framework/web/widgets/COutputProcessor.php(45): CContentDecorator->processOutput('<div id="conten...')
#14 /home/kot/public_html/yii/framework/web/CBaseController.php(207): COutputProcessor->run()
#15 /home/kot/public_html/yii/framework/web/CBaseController.php(301): CBaseController->endWidget('CContentDecorat...')
#16 /home/kot/public_html/ekar/www/protected/views/layouts/column1.php(5): CBaseController->endContent()
#17 /home/kot/public_html/yii/framework/web/CBaseController.php(127): require('/home/kot/publi...')
#18 /home/kot/public_html/yii/framework/web/CBaseController.php(96): CBaseController->renderInternal('/home/kot/publi...', Array, true)
#19 /home/kot/public_html/yii/framework/web/CController.php(785): CBaseController->renderFile('/home/kot/publi...', Array, true)
#20 /home/kot/public_html/ekar/www/protected/controllers/SiteController.php(43): CController->render('index')
#21 [internal function]: SiteController->actionIndex('', '')
#22 /home/kot/public_html/yii/framework/web/actions/CAction.php(107): ReflectionMethod->invokeArgs(Object(SiteController), Array)
#23 /home/kot/public_html/yii/framework/web/actions/CInlineAction.php(48): CAction->runWithParamsInternal(Object(SiteController), Object(ReflectionMethod), Array)
#24 /home/kot/public_html/yii/framework/web/CController.php(309): CInlineAction->runWithParams(Array)
#25 /home/kot/public_html/yii/framework/web/CController.php(287): CController->runAction(Object(CInlineAction))
#26 /home/kot/public_html/yii/framework/web/CController.php(266): CController->runActionWithFilters(Object(CInlineAction), Array)
#27 /home/kot/public_html/yii/framework/web/CWebApplication.php(276): CController->run('')
#28 /home/kot/public_html/yii/framework/web/CWebApplication.php(135): CWebApplication->runController('')
#29 /home/kot/public_html/yii/framework/base/CApplication.php(162): CWebApplication->processRequest()
#30 /home/kot/public_html/ekar/www/index.php(13): CApplication->run()
#31 {main}
REQUEST_URI=/
---
2012/07/05 07:45:02 [error] [exception.CException] exception 'CException' with message 'Не определено свойство "CHasOneRelation.0".' in /home/kot/public_html/yii/framework/base/CComponent.php:174
Stack trace:
#0 /home/kot/public_html/yii/framework/db/ar/CActiveRecord.php(1932): CComponent->__set('0', 'id=urls.recordI...')
#1 /home/kot/public_html/yii/framework/db/ar/CActiveRecord.php(2310): CBaseActiveRelation->__construct('page', 'Page', 'id', Array)
#2 /home/kot/public_html/yii/framework/db/ar/CActiveRecord.php(2291): CActiveRecordMetaData->addRelation('page', Array)
#3 /home/kot/public_html/yii/framework/db/ar/CActiveRecord.php(379): CActiveRecordMetaData->__construct(Object(Urls))
#4 /home/kot/public_html/ekar/www/protected/models/Urls.php(21): CActiveRecord::model('Urls')
#5 /home/kot/public_html/ekar/www/protected/widgets/menu/VMenuWidget.php(8): Urls::model()
#6 /home/kot/public_html/yii/framework/web/CBaseController.php(148): VMenuWidget->init()
#7 /home/kot/public_html/yii/framework/web/CBaseController.php(173): CBaseController->createWidget('application.wid...', Array)
#8 /home/kot/public_html/ekar/www/themes/develop/views/layouts/main.php(29): CBaseController->widget('application.wid...')
#9 /home/kot/public_html/yii/framework/web/CBaseController.php(127): require('/home/kot/publi...')
#10 /home/kot/public_html/yii/framework/web/CBaseController.php(96): CBaseController->renderInternal('/home/kot/publi...', Array, true)
#11 /home/kot/public_html/yii/framework/web/widgets/CContentDecorator.php(77): CBaseController->renderFile('/home/kot/publi...', Array, true)
#12 /home/kot/public_html/yii/framework/web/widgets/CContentDecorator.php(55): CContentDecorator->decorate('<div id="conten...')
#13 /home/kot/public_html/yii/framework/web/widgets/COutputProcessor.php(45): CContentDecorator->processOutput('<div id="conten...')
#14 /home/kot/public_html/yii/framework/web/CBaseController.php(207): COutputProcessor->run()
#15 /home/kot/public_html/yii/framework/web/CBaseController.php(301): CBaseController->endWidget('CContentDecorat...')
#16 /home/kot/public_html/ekar/www/protected/views/layouts/column1.php(5): CBaseController->endContent()
#17 /home/kot/public_html/yii/framework/web/CBaseController.php(127): require('/home/kot/publi...')
#18 /home/kot/public_html/yii/framework/web/CBaseController.php(96): CBaseController->renderInternal('/home/kot/publi...', Array, true)
#19 /home/kot/public_html/yii/framework/web/CController.php(785): CBaseController->renderFile('/home/kot/publi...', Array, true)
#20 /home/kot/public_html/ekar/www/protected/controllers/SiteController.php(43): CController->render('index')
#21 [internal function]: SiteController->actionIndex('', '')
#22 /home/kot/public_html/yii/framework/web/actions/CAction.php(107): ReflectionMethod->invokeArgs(Object(SiteController), Array)
#23 /home/kot/public_html/yii/framework/web/actions/CInlineAction.php(48): CAction->runWithParamsInternal(Object(SiteController), Object(ReflectionMethod), Array)
#24 /home/kot/public_html/yii/framework/web/CController.php(309): CInlineAction->runWithParams(Array)
#25 /home/kot/public_html/yii/framework/web/CController.php(287): CController->runAction(Object(CInlineAction))
#26 /home/kot/public_html/yii/framework/web/CController.php(266): CController->runActionWithFilters(Object(CInlineAction), Array)
#27 /home/kot/public_html/yii/framework/web/CWebApplication.php(276): CController->run('')
#28 /home/kot/public_html/yii/framework/web/CWebApplication.php(135): CWebApplication->runController('')
#29 /home/kot/public_html/yii/framework/base/CApplication.php(162): CWebApplication->processRequest()
#30 /home/kot/public_html/ekar/www/index.php(13): CApplication->run()
#31 {main}
REQUEST_URI=/
---
2012/07/05 07:47:29 [error] [system.db.CDbCommand] Не удалось выполнить CDbCommand::fetchAll(): SQLSTATE[42S22]: Column not found: 1054 Unknown column 'page.recordId' in 'where clause'. Выполнявшийся SQL-запрос: SELECT `page`.`id` AS `t1_c0`, `page`.`href` AS `t1_c1`, `page`.`type` AS `t1_c2`, `page`.`menu` AS `t1_c3`, `page`.`position` AS `t1_c4`, `page`.`preview` AS `t1_c5`, `page`.`body` AS `t1_c6`, `page`.`level` AS `t1_c7`, `page`.`visibility` AS `t1_c8`, `page`.`top` AS `t1_c9`, `page`.`header` AS `t1_c10`, `page`.`title` AS `t1_c11`, `page`.`keywords` AS `t1_c12`, `page`.`description` AS `t1_c13`, `page`.`language` AS `t1_c14`, `page`.`pic` AS `t1_c15`, `page`.`hpic` AS `t1_c16`, `page`.`tube` AS `t1_c17`, `page`.`date` AS `t1_c18` FROM `page` `page`  WHERE (`page`.`recordId`=:ypl0).
in /home/kot/public_html/ekar/www/protected/models/Urls.php (55)
in /home/kot/public_html/ekar/www/protected/widgets/menu/VMenuWidget.php (10)
in /home/kot/public_html/ekar/www/themes/develop/views/layouts/main.php (29)
2012/07/05 07:47:29 [error] [exception.CDbException] exception 'CDbException' with message 'CDbCommand не удалось исполнить SQL-запрос: SQLSTATE[42S22]: Column not found: 1054 Unknown column 'page.recordId' in 'where clause'. The SQL statement executed was: SELECT `page`.`id` AS `t1_c0`, `page`.`href` AS `t1_c1`, `page`.`type` AS `t1_c2`, `page`.`menu` AS `t1_c3`, `page`.`position` AS `t1_c4`, `page`.`preview` AS `t1_c5`, `page`.`body` AS `t1_c6`, `page`.`level` AS `t1_c7`, `page`.`visibility` AS `t1_c8`, `page`.`top` AS `t1_c9`, `page`.`header` AS `t1_c10`, `page`.`title` AS `t1_c11`, `page`.`keywords` AS `t1_c12`, `page`.`description` AS `t1_c13`, `page`.`language` AS `t1_c14`, `page`.`pic` AS `t1_c15`, `page`.`hpic` AS `t1_c16`, `page`.`tube` AS `t1_c17`, `page`.`date` AS `t1_c18` FROM `page` `page`  WHERE (`page`.`recordId`=:ypl0)' in /home/kot/public_html/yii/framework/db/CDbCommand.php:528
Stack trace:
#0 /home/kot/public_html/yii/framework/db/CDbCommand.php(390): CDbCommand->queryInternal('fetchAll', Array, Array)
#1 /home/kot/public_html/yii/framework/db/ar/CActiveFinder.php(818): CDbCommand->queryAll()
#2 /home/kot/public_html/yii/framework/db/ar/CActiveFinder.php(529): CJoinElement->runQuery(Object(CJoinQuery))
#3 /home/kot/public_html/yii/framework/db/ar/CActiveFinder.php(167): CJoinElement->lazyFind(Object(Urls))
#4 /home/kot/public_html/yii/framework/db/ar/CActiveRecord.php(269): CActiveFinder->lazyFind(Object(Urls))
#5 /home/kot/public_html/yii/framework/db/ar/CActiveRecord.php(180): CActiveRecord->getRelated('page')
#6 /home/kot/public_html/ekar/www/protected/models/Urls.php(55): CActiveRecord->__isset('page')
#7 /home/kot/public_html/ekar/www/protected/widgets/menu/VMenuWidget.php(10): Urls->initVMenu()
#8 /home/kot/public_html/yii/framework/web/CBaseController.php(148): VMenuWidget->init()
#9 /home/kot/public_html/yii/framework/web/CBaseController.php(173): CBaseController->createWidget('application.wid...', Array)
#10 /home/kot/public_html/ekar/www/themes/develop/views/layouts/main.php(29): CBaseController->widget('application.wid...')
#11 /home/kot/public_html/yii/framework/web/CBaseController.php(127): require('/home/kot/publi...')
#12 /home/kot/public_html/yii/framework/web/CBaseController.php(96): CBaseController->renderInternal('/home/kot/publi...', Array, true)
#13 /home/kot/public_html/yii/framework/web/widgets/CContentDecorator.php(77): CBaseController->renderFile('/home/kot/publi...', Array, true)
#14 /home/kot/public_html/yii/framework/web/widgets/CContentDecorator.php(55): CContentDecorator->decorate('<div id="conten...')
#15 /home/kot/public_html/yii/framework/web/widgets/COutputProcessor.php(45): CContentDecorator->processOutput('<div id="conten...')
#16 /home/kot/public_html/yii/framework/web/CBaseController.php(207): COutputProcessor->run()
#17 /home/kot/public_html/yii/framework/web/CBaseController.php(301): CBaseController->endWidget('CContentDecorat...')
#18 /home/kot/public_html/ekar/www/protected/views/layouts/column1.php(5): CBaseController->endContent()
#19 /home/kot/public_html/yii/framework/web/CBaseController.php(127): require('/home/kot/publi...')
#20 /home/kot/public_html/yii/framework/web/CBaseController.php(96): CBaseController->renderInternal('/home/kot/publi...', Array, true)
#21 /home/kot/public_html/yii/framework/web/CController.php(785): CBaseController->renderFile('/home/kot/publi...', Array, true)
#22 /home/kot/public_html/ekar/www/protected/controllers/SiteController.php(43): CController->render('index')
#23 [internal function]: SiteController->actionIndex('', '')
#24 /home/kot/public_html/yii/framework/web/actions/CAction.php(107): ReflectionMethod->invokeArgs(Object(SiteController), Array)
#25 /home/kot/public_html/yii/framework/web/actions/CInlineAction.php(48): CAction->runWithParamsInternal(Object(SiteController), Object(ReflectionMethod), Array)
#26 /home/kot/public_html/yii/framework/web/CController.php(309): CInlineAction->runWithParams(Array)
#27 /home/kot/public_html/yii/framework/web/CController.php(287): CController->runAction(Object(CInlineAction))
#28 /home/kot/public_html/yii/framework/web/CController.php(266): CController->runActionWithFilters(Object(CInlineAction), Array)
#29 /home/kot/public_html/yii/framework/web/CWebApplication.php(276): CController->run('')
#30 /home/kot/public_html/yii/framework/web/CWebApplication.php(135): CWebApplication->runController('')
#31 /home/kot/public_html/yii/framework/base/CApplication.php(162): CWebApplication->processRequest()
#32 /home/kot/public_html/ekar/www/index.php(13): CApplication->run()
#33 {main}
REQUEST_URI=/
---
2012/07/05 07:48:00 [error] [exception.CDbException] exception 'CDbException' with message 'Отношение "page" класса Active record "Urls" сконфигурировано не верно. Вы должны указать тип отношения, связанный отношением класс active record и внешний ключ.' in /home/kot/public_html/yii/framework/db/ar/CActiveRecord.php:2312
Stack trace:
#0 /home/kot/public_html/yii/framework/db/ar/CActiveRecord.php(2291): CActiveRecordMetaData->addRelation('page', Array)
#1 /home/kot/public_html/yii/framework/db/ar/CActiveRecord.php(379): CActiveRecordMetaData->__construct(Object(Urls))
#2 /home/kot/public_html/ekar/www/protected/models/Urls.php(21): CActiveRecord::model('Urls')
#3 /home/kot/public_html/ekar/www/protected/widgets/menu/VMenuWidget.php(8): Urls::model()
#4 /home/kot/public_html/yii/framework/web/CBaseController.php(148): VMenuWidget->init()
#5 /home/kot/public_html/yii/framework/web/CBaseController.php(173): CBaseController->createWidget('application.wid...', Array)
#6 /home/kot/public_html/ekar/www/themes/develop/views/layouts/main.php(29): CBaseController->widget('application.wid...')
#7 /home/kot/public_html/yii/framework/web/CBaseController.php(127): require('/home/kot/publi...')
#8 /home/kot/public_html/yii/framework/web/CBaseController.php(96): CBaseController->renderInternal('/home/kot/publi...', Array, true)
#9 /home/kot/public_html/yii/framework/web/widgets/CContentDecorator.php(77): CBaseController->renderFile('/home/kot/publi...', Array, true)
#10 /home/kot/public_html/yii/framework/web/widgets/CContentDecorator.php(55): CContentDecorator->decorate('<div id="conten...')
#11 /home/kot/public_html/yii/framework/web/widgets/COutputProcessor.php(45): CContentDecorator->processOutput('<div id="conten...')
#12 /home/kot/public_html/yii/framework/web/CBaseController.php(207): COutputProcessor->run()
#13 /home/kot/public_html/yii/framework/web/CBaseController.php(301): CBaseController->endWidget('CContentDecorat...')
#14 /home/kot/public_html/ekar/www/protected/views/layouts/column1.php(5): CBaseController->endContent()
#15 /home/kot/public_html/yii/framework/web/CBaseController.php(127): require('/home/kot/publi...')
#16 /home/kot/public_html/yii/framework/web/CBaseController.php(96): CBaseController->renderInternal('/home/kot/publi...', Array, true)
#17 /home/kot/public_html/yii/framework/web/CController.php(785): CBaseController->renderFile('/home/kot/publi...', Array, true)
#18 /home/kot/public_html/ekar/www/protected/controllers/SiteController.php(43): CController->render('index')
#19 [internal function]: SiteController->actionIndex('', '')
#20 /home/kot/public_html/yii/framework/web/actions/CAction.php(107): ReflectionMethod->invokeArgs(Object(SiteController), Array)
#21 /home/kot/public_html/yii/framework/web/actions/CInlineAction.php(48): CAction->runWithParamsInternal(Object(SiteController), Object(ReflectionMethod), Array)
#22 /home/kot/public_html/yii/framework/web/CController.php(309): CInlineAction->runWithParams(Array)
#23 /home/kot/public_html/yii/framework/web/CController.php(287): CController->runAction(Object(CInlineAction))
#24 /home/kot/public_html/yii/framework/web/CController.php(266): CController->runActionWithFilters(Object(CInlineAction), Array)
#25 /home/kot/public_html/yii/framework/web/CWebApplication.php(276): CController->run('')
#26 /home/kot/public_html/yii/framework/web/CWebApplication.php(135): CWebApplication->runController('')
#27 /home/kot/public_html/yii/framework/base/CApplication.php(162): CWebApplication->processRequest()
#28 /home/kot/public_html/ekar/www/index.php(13): CApplication->run()
#29 {main}
REQUEST_URI=/
---
2012/07/05 08:10:28 [error] [exception.CException] exception 'CException' with message 'Не определено свойство "CHasOneRelation.0".' in /home/kot/public_html/yii/framework/base/CComponent.php:174
Stack trace:
#0 /home/kot/public_html/yii/framework/db/ar/CActiveRecord.php(1932): CComponent->__set('0', Array)
#1 /home/kot/public_html/yii/framework/db/ar/CActiveRecord.php(2310): CBaseActiveRelation->__construct('page', 'Page', 'id', Array)
#2 /home/kot/public_html/yii/framework/db/ar/CActiveRecord.php(2291): CActiveRecordMetaData->addRelation('page', Array)
#3 /home/kot/public_html/yii/framework/db/ar/CActiveRecord.php(379): CActiveRecordMetaData->__construct(Object(Urls))
#4 /home/kot/public_html/ekar/www/protected/models/Urls.php(21): CActiveRecord::model('Urls')
#5 /home/kot/public_html/ekar/www/protected/widgets/menu/VMenuWidget.php(8): Urls::model()
#6 /home/kot/public_html/yii/framework/web/CBaseController.php(148): VMenuWidget->init()
#7 /home/kot/public_html/yii/framework/web/CBaseController.php(173): CBaseController->createWidget('application.wid...', Array)
#8 /home/kot/public_html/ekar/www/themes/develop/views/layouts/main.php(29): CBaseController->widget('application.wid...')
#9 /home/kot/public_html/yii/framework/web/CBaseController.php(127): require('/home/kot/publi...')
#10 /home/kot/public_html/yii/framework/web/CBaseController.php(96): CBaseController->renderInternal('/home/kot/publi...', Array, true)
#11 /home/kot/public_html/yii/framework/web/widgets/CContentDecorator.php(77): CBaseController->renderFile('/home/kot/publi...', Array, true)
#12 /home/kot/public_html/yii/framework/web/widgets/CContentDecorator.php(55): CContentDecorator->decorate('<div id="conten...')
#13 /home/kot/public_html/yii/framework/web/widgets/COutputProcessor.php(45): CContentDecorator->processOutput('<div id="conten...')
#14 /home/kot/public_html/yii/framework/web/CBaseController.php(207): COutputProcessor->run()
#15 /home/kot/public_html/yii/framework/web/CBaseController.php(301): CBaseController->endWidget('CContentDecorat...')
#16 /home/kot/public_html/ekar/www/protected/views/layouts/column1.php(5): CBaseController->endContent()
#17 /home/kot/public_html/yii/framework/web/CBaseController.php(127): require('/home/kot/publi...')
#18 /home/kot/public_html/yii/framework/web/CBaseController.php(96): CBaseController->renderInternal('/home/kot/publi...', Array, true)
#19 /home/kot/public_html/yii/framework/web/CController.php(785): CBaseController->renderFile('/home/kot/publi...', Array, true)
#20 /home/kot/public_html/ekar/www/protected/controllers/SiteController.php(43): CController->render('index')
#21 [internal function]: SiteController->actionIndex('', '')
#22 /home/kot/public_html/yii/framework/web/actions/CAction.php(107): ReflectionMethod->invokeArgs(Object(SiteController), Array)
#23 /home/kot/public_html/yii/framework/web/actions/CInlineAction.php(48): CAction->runWithParamsInternal(Object(SiteController), Object(ReflectionMethod), Array)
#24 /home/kot/public_html/yii/framework/web/CController.php(309): CInlineAction->runWithParams(Array)
#25 /home/kot/public_html/yii/framework/web/CController.php(287): CController->runAction(Object(CInlineAction))
#26 /home/kot/public_html/yii/framework/web/CController.php(266): CController->runActionWithFilters(Object(CInlineAction), Array)
#27 /home/kot/public_html/yii/framework/web/CWebApplication.php(276): CController->run('')
#28 /home/kot/public_html/yii/framework/web/CWebApplication.php(135): CWebApplication->runController('')
#29 /home/kot/public_html/yii/framework/base/CApplication.php(162): CWebApplication->processRequest()
#30 /home/kot/public_html/ekar/www/index.php(13): CApplication->run()
#31 {main}
REQUEST_URI=/
---
2012/07/05 08:10:38 [error] [exception.CException] exception 'CException' with message 'Не определено свойство "Urls.page.id=urls.recordId".' in /home/kot/public_html/yii/framework/base/CComponent.php:131
Stack trace:
#0 /home/kot/public_html/yii/framework/db/ar/CActiveRecord.php(144): CComponent->__get('page.id=urls.re...')
#1 /home/kot/public_html/yii/framework/db/ar/CActiveFinder.php(685): CActiveRecord->__get('page.id=urls.re...')
#2 /home/kot/public_html/yii/framework/db/ar/CActiveFinder.php(522): CJoinElement->applyLazyCondition(Object(CJoinQuery), Object(Urls))
#3 /home/kot/public_html/yii/framework/db/ar/CActiveFinder.php(167): CJoinElement->lazyFind(Object(Urls))
#4 /home/kot/public_html/yii/framework/db/ar/CActiveRecord.php(269): CActiveFinder->lazyFind(Object(Urls))
#5 /home/kot/public_html/yii/framework/db/ar/CActiveRecord.php(180): CActiveRecord->getRelated('page')
#6 /home/kot/public_html/ekar/www/protected/models/Urls.php(55): CActiveRecord->__isset('page')
#7 /home/kot/public_html/ekar/www/protected/widgets/menu/VMenuWidget.php(10): Urls->initVMenu()
#8 /home/kot/public_html/yii/framework/web/CBaseController.php(148): VMenuWidget->init()
#9 /home/kot/public_html/yii/framework/web/CBaseController.php(173): CBaseController->createWidget('application.wid...', Array)
#10 /home/kot/public_html/ekar/www/themes/develop/views/layouts/main.php(29): CBaseController->widget('application.wid...')
#11 /home/kot/public_html/yii/framework/web/CBaseController.php(127): require('/home/kot/publi...')
#12 /home/kot/public_html/yii/framework/web/CBaseController.php(96): CBaseController->renderInternal('/home/kot/publi...', Array, true)
#13 /home/kot/public_html/yii/framework/web/widgets/CContentDecorator.php(77): CBaseController->renderFile('/home/kot/publi...', Array, true)
#14 /home/kot/public_html/yii/framework/web/widgets/CContentDecorator.php(55): CContentDecorator->decorate('<div id="conten...')
#15 /home/kot/public_html/yii/framework/web/widgets/COutputProcessor.php(45): CContentDecorator->processOutput('<div id="conten...')
#16 /home/kot/public_html/yii/framework/web/CBaseController.php(207): COutputProcessor->run()
#17 /home/kot/public_html/yii/framework/web/CBaseController.php(301): CBaseController->endWidget('CContentDecorat...')
#18 /home/kot/public_html/ekar/www/protected/views/layouts/column1.php(5): CBaseController->endContent()
#19 /home/kot/public_html/yii/framework/web/CBaseController.php(127): require('/home/kot/publi...')
#20 /home/kot/public_html/yii/framework/web/CBaseController.php(96): CBaseController->renderInternal('/home/kot/publi...', Array, true)
#21 /home/kot/public_html/yii/framework/web/CController.php(785): CBaseController->renderFile('/home/kot/publi...', Array, true)
#22 /home/kot/public_html/ekar/www/protected/controllers/SiteController.php(43): CController->render('index')
#23 [internal function]: SiteController->actionIndex('', '')
#24 /home/kot/public_html/yii/framework/web/actions/CAction.php(107): ReflectionMethod->invokeArgs(Object(SiteController), Array)
#25 /home/kot/public_html/yii/framework/web/actions/CInlineAction.php(48): CAction->runWithParamsInternal(Object(SiteController), Object(ReflectionMethod), Array)
#26 /home/kot/public_html/yii/framework/web/CController.php(309): CInlineAction->runWithParams(Array)
#27 /home/kot/public_html/yii/framework/web/CController.php(287): CController->runAction(Object(CInlineAction))
#28 /home/kot/public_html/yii/framework/web/CController.php(266): CController->runActionWithFilters(Object(CInlineAction), Array)
#29 /home/kot/public_html/yii/framework/web/CWebApplication.php(276): CController->run('')
#30 /home/kot/public_html/yii/framework/web/CWebApplication.php(135): CWebApplication->runController('')
#31 /home/kot/public_html/yii/framework/base/CApplication.php(162): CWebApplication->processRequest()
#32 /home/kot/public_html/ekar/www/index.php(13): CApplication->run()
#33 {main}
REQUEST_URI=/
---
2012/07/05 08:12:13 [error] [exception.CDbException] exception 'CDbException' with message 'Отношение "page" класса Active record "Urls" сконфигурировано не верно. Вы должны указать тип отношения, связанный отношением класс active record и внешний ключ.' in /home/kot/public_html/yii/framework/db/ar/CActiveRecord.php:2312
Stack trace:
#0 /home/kot/public_html/yii/framework/db/ar/CActiveRecord.php(2291): CActiveRecordMetaData->addRelation('page', Array)
#1 /home/kot/public_html/yii/framework/db/ar/CActiveRecord.php(379): CActiveRecordMetaData->__construct(Object(Urls))
#2 /home/kot/public_html/ekar/www/protected/models/Urls.php(21): CActiveRecord::model('Urls')
#3 /home/kot/public_html/ekar/www/protected/widgets/menu/VMenuWidget.php(8): Urls::model()
#4 /home/kot/public_html/yii/framework/web/CBaseController.php(148): VMenuWidget->init()
#5 /home/kot/public_html/yii/framework/web/CBaseController.php(173): CBaseController->createWidget('application.wid...', Array)
#6 /home/kot/public_html/ekar/www/themes/develop/views/layouts/main.php(29): CBaseController->widget('application.wid...')
#7 /home/kot/public_html/yii/framework/web/CBaseController.php(127): require('/home/kot/publi...')
#8 /home/kot/public_html/yii/framework/web/CBaseController.php(96): CBaseController->renderInternal('/home/kot/publi...', Array, true)
#9 /home/kot/public_html/yii/framework/web/widgets/CContentDecorator.php(77): CBaseController->renderFile('/home/kot/publi...', Array, true)
#10 /home/kot/public_html/yii/framework/web/widgets/CContentDecorator.php(55): CContentDecorator->decorate('<div id="conten...')
#11 /home/kot/public_html/yii/framework/web/widgets/COutputProcessor.php(45): CContentDecorator->processOutput('<div id="conten...')
#12 /home/kot/public_html/yii/framework/web/CBaseController.php(207): COutputProcessor->run()
#13 /home/kot/public_html/yii/framework/web/CBaseController.php(301): CBaseController->endWidget('CContentDecorat...')
#14 /home/kot/public_html/ekar/www/protected/views/layouts/column1.php(5): CBaseController->endContent()
#15 /home/kot/public_html/yii/framework/web/CBaseController.php(127): require('/home/kot/publi...')
#16 /home/kot/public_html/yii/framework/web/CBaseController.php(96): CBaseController->renderInternal('/home/kot/publi...', Array, true)
#17 /home/kot/public_html/yii/framework/web/CController.php(785): CBaseController->renderFile('/home/kot/publi...', Array, true)
#18 /home/kot/public_html/ekar/www/protected/controllers/SiteController.php(43): CController->render('index')
#19 [internal function]: SiteController->actionIndex('', '')
#20 /home/kot/public_html/yii/framework/web/actions/CAction.php(107): ReflectionMethod->invokeArgs(Object(SiteController), Array)
#21 /home/kot/public_html/yii/framework/web/actions/CInlineAction.php(48): CAction->runWithParamsInternal(Object(SiteController), Object(ReflectionMethod), Array)
#22 /home/kot/public_html/yii/framework/web/CController.php(309): CInlineAction->runWithParams(Array)
#23 /home/kot/public_html/yii/framework/web/CController.php(287): CController->runAction(Object(CInlineAction))
#24 /home/kot/public_html/yii/framework/web/CController.php(266): CController->runActionWithFilters(Object(CInlineAction), Array)
#25 /home/kot/public_html/yii/framework/web/CWebApplication.php(276): CController->run('')
#26 /home/kot/public_html/yii/framework/web/CWebApplication.php(135): CWebApplication->runController('')
#27 /home/kot/public_html/yii/framework/base/CApplication.php(162): CWebApplication->processRequest()
#28 /home/kot/public_html/ekar/www/index.php(13): CApplication->run()
#29 {main}
REQUEST_URI=/
---
2012/07/05 08:12:33 [error] [system.db.CDbCommand] Не удалось выполнить CDbCommand::fetchAll(): SQLSTATE[42S22]: Column not found: 1054 Unknown column 'urls.recordId' in 'where clause'. Выполнявшийся SQL-запрос: SELECT `page`.`id` AS `t1_c0`, `page`.`href` AS `t1_c1`, `page`.`type` AS `t1_c2`, `page`.`menu` AS `t1_c3`, `page`.`position` AS `t1_c4`, `page`.`preview` AS `t1_c5`, `page`.`body` AS `t1_c6`, `page`.`level` AS `t1_c7`, `page`.`visibility` AS `t1_c8`, `page`.`top` AS `t1_c9`, `page`.`header` AS `t1_c10`, `page`.`title` AS `t1_c11`, `page`.`keywords` AS `t1_c12`, `page`.`description` AS `t1_c13`, `page`.`language` AS `t1_c14`, `page`.`pic` AS `t1_c15`, `page`.`hpic` AS `t1_c16`, `page`.`tube` AS `t1_c17`, `page`.`date` AS `t1_c18` FROM `page` `page`  WHERE (page.id=urls.recordId) AND (`page`.`id`=:ypl0).
in /home/kot/public_html/ekar/www/protected/models/Urls.php (55)
in /home/kot/public_html/ekar/www/protected/widgets/menu/VMenuWidget.php (10)
in /home/kot/public_html/ekar/www/themes/develop/views/layouts/main.php (29)
2012/07/05 08:12:33 [error] [exception.CDbException] exception 'CDbException' with message 'CDbCommand не удалось исполнить SQL-запрос: SQLSTATE[42S22]: Column not found: 1054 Unknown column 'urls.recordId' in 'where clause'. The SQL statement executed was: SELECT `page`.`id` AS `t1_c0`, `page`.`href` AS `t1_c1`, `page`.`type` AS `t1_c2`, `page`.`menu` AS `t1_c3`, `page`.`position` AS `t1_c4`, `page`.`preview` AS `t1_c5`, `page`.`body` AS `t1_c6`, `page`.`level` AS `t1_c7`, `page`.`visibility` AS `t1_c8`, `page`.`top` AS `t1_c9`, `page`.`header` AS `t1_c10`, `page`.`title` AS `t1_c11`, `page`.`keywords` AS `t1_c12`, `page`.`description` AS `t1_c13`, `page`.`language` AS `t1_c14`, `page`.`pic` AS `t1_c15`, `page`.`hpic` AS `t1_c16`, `page`.`tube` AS `t1_c17`, `page`.`date` AS `t1_c18` FROM `page` `page`  WHERE (page.id=urls.recordId) AND (`page`.`id`=:ypl0)' in /home/kot/public_html/yii/framework/db/CDbCommand.php:528
Stack trace:
#0 /home/kot/public_html/yii/framework/db/CDbCommand.php(390): CDbCommand->queryInternal('fetchAll', Array, Array)
#1 /home/kot/public_html/yii/framework/db/ar/CActiveFinder.php(818): CDbCommand->queryAll()
#2 /home/kot/public_html/yii/framework/db/ar/CActiveFinder.php(529): CJoinElement->runQuery(Object(CJoinQuery))
#3 /home/kot/public_html/yii/framework/db/ar/CActiveFinder.php(167): CJoinElement->lazyFind(Object(Urls))
#4 /home/kot/public_html/yii/framework/db/ar/CActiveRecord.php(269): CActiveFinder->lazyFind(Object(Urls))
#5 /home/kot/public_html/yii/framework/db/ar/CActiveRecord.php(180): CActiveRecord->getRelated('page')
#6 /home/kot/public_html/ekar/www/protected/models/Urls.php(55): CActiveRecord->__isset('page')
#7 /home/kot/public_html/ekar/www/protected/widgets/menu/VMenuWidget.php(10): Urls->initVMenu()
#8 /home/kot/public_html/yii/framework/web/CBaseController.php(148): VMenuWidget->init()
#9 /home/kot/public_html/yii/framework/web/CBaseController.php(173): CBaseController->createWidget('application.wid...', Array)
#10 /home/kot/public_html/ekar/www/themes/develop/views/layouts/main.php(29): CBaseController->widget('application.wid...')
#11 /home/kot/public_html/yii/framework/web/CBaseController.php(127): require('/home/kot/publi...')
#12 /home/kot/public_html/yii/framework/web/CBaseController.php(96): CBaseController->renderInternal('/home/kot/publi...', Array, true)
#13 /home/kot/public_html/yii/framework/web/widgets/CContentDecorator.php(77): CBaseController->renderFile('/home/kot/publi...', Array, true)
#14 /home/kot/public_html/yii/framework/web/widgets/CContentDecorator.php(55): CContentDecorator->decorate('<div id="conten...')
#15 /home/kot/public_html/yii/framework/web/widgets/COutputProcessor.php(45): CContentDecorator->processOutput('<div id="conten...')
#16 /home/kot/public_html/yii/framework/web/CBaseController.php(207): COutputProcessor->run()
#17 /home/kot/public_html/yii/framework/web/CBaseController.php(301): CBaseController->endWidget('CContentDecorat...')
#18 /home/kot/public_html/ekar/www/protected/views/layouts/column1.php(5): CBaseController->endContent()
#19 /home/kot/public_html/yii/framework/web/CBaseController.php(127): require('/home/kot/publi...')
#20 /home/kot/public_html/yii/framework/web/CBaseController.php(96): CBaseController->renderInternal('/home/kot/publi...', Array, true)
#21 /home/kot/public_html/yii/framework/web/CController.php(785): CBaseController->renderFile('/home/kot/publi...', Array, true)
#22 /home/kot/public_html/ekar/www/protected/controllers/SiteController.php(43): CController->render('index')
#23 [internal function]: SiteController->actionIndex('', '')
#24 /home/kot/public_html/yii/framework/web/actions/CAction.php(107): ReflectionMethod->invokeArgs(Object(SiteController), Array)
#25 /home/kot/public_html/yii/framework/web/actions/CInlineAction.php(48): CAction->runWithParamsInternal(Object(SiteController), Object(ReflectionMethod), Array)
#26 /home/kot/public_html/yii/framework/web/CController.php(309): CInlineAction->runWithParams(Array)
#27 /home/kot/public_html/yii/framework/web/CController.php(287): CController->runAction(Object(CInlineAction))
#28 /home/kot/public_html/yii/framework/web/CController.php(266): CController->runActionWithFilters(Object(CInlineAction), Array)
#29 /home/kot/public_html/yii/framework/web/CWebApplication.php(276): CController->run('')
#30 /home/kot/public_html/yii/framework/web/CWebApplication.php(135): CWebApplication->runController('')
#31 /home/kot/public_html/yii/framework/base/CApplication.php(162): CWebApplication->processRequest()
#32 /home/kot/public_html/ekar/www/index.php(13): CApplication->run()
#33 {main}
REQUEST_URI=/
---
2012/07/05 08:14:09 [error] [exception.CException] exception 'CException' with message 'Не определено свойство "Urls.text".' in /home/kot/public_html/yii/framework/base/CComponent.php:131
Stack trace:
#0 /home/kot/public_html/yii/framework/db/ar/CActiveRecord.php(144): CComponent->__get('text')
#1 /home/kot/public_html/ekar/www/protected/models/Urls.php(51): CActiveRecord->__get('text')
#2 /home/kot/public_html/ekar/www/protected/widgets/menu/VMenuWidget.php(10): Urls->initVMenu()
#3 /home/kot/public_html/yii/framework/web/CBaseController.php(148): VMenuWidget->init()
#4 /home/kot/public_html/yii/framework/web/CBaseController.php(173): CBaseController->createWidget('application.wid...', Array)
#5 /home/kot/public_html/ekar/www/themes/develop/views/layouts/main.php(29): CBaseController->widget('application.wid...')
#6 /home/kot/public_html/yii/framework/web/CBaseController.php(127): require('/home/kot/publi...')
#7 /home/kot/public_html/yii/framework/web/CBaseController.php(96): CBaseController->renderInternal('/home/kot/publi...', Array, true)
#8 /home/kot/public_html/yii/framework/web/widgets/CContentDecorator.php(77): CBaseController->renderFile('/home/kot/publi...', Array, true)
#9 /home/kot/public_html/yii/framework/web/widgets/CContentDecorator.php(55): CContentDecorator->decorate('<div id="conten...')
#10 /home/kot/public_html/yii/framework/web/widgets/COutputProcessor.php(45): CContentDecorator->processOutput('<div id="conten...')
#11 /home/kot/public_html/yii/framework/web/CBaseController.php(207): COutputProcessor->run()
#12 /home/kot/public_html/yii/framework/web/CBaseController.php(301): CBaseController->endWidget('CContentDecorat...')
#13 /home/kot/public_html/ekar/www/protected/views/layouts/column1.php(5): CBaseController->endContent()
#14 /home/kot/public_html/yii/framework/web/CBaseController.php(127): require('/home/kot/publi...')
#15 /home/kot/public_html/yii/framework/web/CBaseController.php(96): CBaseController->renderInternal('/home/kot/publi...', Array, true)
#16 /home/kot/public_html/yii/framework/web/CController.php(785): CBaseController->renderFile('/home/kot/publi...', Array, true)
#17 /home/kot/public_html/ekar/www/protected/controllers/SiteController.php(43): CController->render('index')
#18 [internal function]: SiteController->actionIndex('', '')
#19 /home/kot/public_html/yii/framework/web/actions/CAction.php(107): ReflectionMethod->invokeArgs(Object(SiteController), Array)
#20 /home/kot/public_html/yii/framework/web/actions/CInlineAction.php(48): CAction->runWithParamsInternal(Object(SiteController), Object(ReflectionMethod), Array)
#21 /home/kot/public_html/yii/framework/web/CController.php(309): CInlineAction->runWithParams(Array)
#22 /home/kot/public_html/yii/framework/web/CController.php(287): CController->runAction(Object(CInlineAction))
#23 /home/kot/public_html/yii/framework/web/CController.php(266): CController->runActionWithFilters(Object(CInlineAction), Array)
#24 /home/kot/public_html/yii/framework/web/CWebApplication.php(276): CController->run('')
#25 /home/kot/public_html/yii/framework/web/CWebApplication.php(135): CWebApplication->runController('')
#26 /home/kot/public_html/yii/framework/base/CApplication.php(162): CWebApplication->processRequest()
#27 /home/kot/public_html/ekar/www/index.php(13): CApplication->run()
#28 {main}
REQUEST_URI=/
---
2012/07/05 13:32:20 [error] [exception.CException] exception 'CException' with message 'Не определено свойство "CHasOneRelation.0".' in /home/kot/public_html/yii/framework/base/CComponent.php:174
Stack trace:
#0 /home/kot/public_html/yii/framework/db/ar/CActiveRecord.php(1932): CComponent->__set('0', Array)
#1 /home/kot/public_html/yii/framework/db/ar/CActiveRecord.php(2310): CBaseActiveRelation->__construct('page', 'Page', 'id', Array)
#2 /home/kot/public_html/yii/framework/db/ar/CActiveRecord.php(2291): CActiveRecordMetaData->addRelation('page', Array)
#3 /home/kot/public_html/yii/framework/db/ar/CActiveRecord.php(379): CActiveRecordMetaData->__construct(Object(Urls))
#4 /home/kot/public_html/ekar/www/protected/models/Urls.php(21): CActiveRecord::model('Urls')
#5 /home/kot/public_html/ekar/www/protected/widgets/menu/VMenuWidget.php(8): Urls::model()
#6 /home/kot/public_html/yii/framework/web/CBaseController.php(148): VMenuWidget->init()
#7 /home/kot/public_html/yii/framework/web/CBaseController.php(173): CBaseController->createWidget('application.wid...', Array)
#8 /home/kot/public_html/ekar/www/themes/develop/views/layouts/main.php(29): CBaseController->widget('application.wid...')
#9 /home/kot/public_html/yii/framework/web/CBaseController.php(127): require('/home/kot/publi...')
#10 /home/kot/public_html/yii/framework/web/CBaseController.php(96): CBaseController->renderInternal('/home/kot/publi...', Array, true)
#11 /home/kot/public_html/yii/framework/web/widgets/CContentDecorator.php(77): CBaseController->renderFile('/home/kot/publi...', Array, true)
#12 /home/kot/public_html/yii/framework/web/widgets/CContentDecorator.php(55): CContentDecorator->decorate('<div id="conten...')
#13 /home/kot/public_html/yii/framework/web/widgets/COutputProcessor.php(45): CContentDecorator->processOutput('<div id="conten...')
#14 /home/kot/public_html/yii/framework/web/CBaseController.php(207): COutputProcessor->run()
#15 /home/kot/public_html/yii/framework/web/CBaseController.php(301): CBaseController->endWidget('CContentDecorat...')
#16 /home/kot/public_html/ekar/www/protected/views/layouts/column1.php(5): CBaseController->endContent()
#17 /home/kot/public_html/yii/framework/web/CBaseController.php(127): require('/home/kot/publi...')
#18 /home/kot/public_html/yii/framework/web/CBaseController.php(96): CBaseController->renderInternal('/home/kot/publi...', Array, true)
#19 /home/kot/public_html/yii/framework/web/CController.php(785): CBaseController->renderFile('/home/kot/publi...', Array, true)
#20 /home/kot/public_html/ekar/www/protected/controllers/SiteController.php(43): CController->render('index')
#21 [internal function]: SiteController->actionIndex('', '')
#22 /home/kot/public_html/yii/framework/web/actions/CAction.php(107): ReflectionMethod->invokeArgs(Object(SiteController), Array)
#23 /home/kot/public_html/yii/framework/web/actions/CInlineAction.php(48): CAction->runWithParamsInternal(Object(SiteController), Object(ReflectionMethod), Array)
#24 /home/kot/public_html/yii/framework/web/CController.php(309): CInlineAction->runWithParams(Array)
#25 /home/kot/public_html/yii/framework/web/CController.php(287): CController->runAction(Object(CInlineAction))
#26 /home/kot/public_html/yii/framework/web/CController.php(266): CController->runActionWithFilters(Object(CInlineAction), Array)
#27 /home/kot/public_html/yii/framework/web/CWebApplication.php(276): CController->run('')
#28 /home/kot/public_html/yii/framework/web/CWebApplication.php(135): CWebApplication->runController('')
#29 /home/kot/public_html/yii/framework/base/CApplication.php(162): CWebApplication->processRequest()
#30 /home/kot/public_html/ekar/www/index.php(13): CApplication->run()
#31 {main}
REQUEST_URI=/
---
2012/07/05 13:32:38 [error] [exception.CException] exception 'CException' with message 'Не определено свойство "CHasOneRelation.0".' in /home/kot/public_html/yii/framework/base/CComponent.php:174
Stack trace:
#0 /home/kot/public_html/yii/framework/db/ar/CActiveRecord.php(1932): CComponent->__set('0', Array)
#1 /home/kot/public_html/yii/framework/db/ar/CActiveRecord.php(2310): CBaseActiveRelation->__construct('page', 'Page', 'id', Array)
#2 /home/kot/public_html/yii/framework/db/ar/CActiveRecord.php(2291): CActiveRecordMetaData->addRelation('page', Array)
#3 /home/kot/public_html/yii/framework/db/ar/CActiveRecord.php(379): CActiveRecordMetaData->__construct(Object(Urls))
#4 /home/kot/public_html/ekar/www/protected/models/Urls.php(21): CActiveRecord::model('Urls')
#5 /home/kot/public_html/ekar/www/protected/widgets/menu/VMenuWidget.php(8): Urls::model()
#6 /home/kot/public_html/yii/framework/web/CBaseController.php(148): VMenuWidget->init()
#7 /home/kot/public_html/yii/framework/web/CBaseController.php(173): CBaseController->createWidget('application.wid...', Array)
#8 /home/kot/public_html/ekar/www/themes/develop/views/layouts/main.php(29): CBaseController->widget('application.wid...')
#9 /home/kot/public_html/yii/framework/web/CBaseController.php(127): require('/home/kot/publi...')
#10 /home/kot/public_html/yii/framework/web/CBaseController.php(96): CBaseController->renderInternal('/home/kot/publi...', Array, true)
#11 /home/kot/public_html/yii/framework/web/widgets/CContentDecorator.php(77): CBaseController->renderFile('/home/kot/publi...', Array, true)
#12 /home/kot/public_html/yii/framework/web/widgets/CContentDecorator.php(55): CContentDecorator->decorate('<div id="conten...')
#13 /home/kot/public_html/yii/framework/web/widgets/COutputProcessor.php(45): CContentDecorator->processOutput('<div id="conten...')
#14 /home/kot/public_html/yii/framework/web/CBaseController.php(207): COutputProcessor->run()
#15 /home/kot/public_html/yii/framework/web/CBaseController.php(301): CBaseController->endWidget('CContentDecorat...')
#16 /home/kot/public_html/ekar/www/protected/views/layouts/column1.php(5): CBaseController->endContent()
#17 /home/kot/public_html/yii/framework/web/CBaseController.php(127): require('/home/kot/publi...')
#18 /home/kot/public_html/yii/framework/web/CBaseController.php(96): CBaseController->renderInternal('/home/kot/publi...', Array, true)
#19 /home/kot/public_html/yii/framework/web/CController.php(785): CBaseController->renderFile('/home/kot/publi...', Array, true)
#20 /home/kot/public_html/ekar/www/protected/controllers/SiteController.php(43): CController->render('index')
#21 [internal function]: SiteController->actionIndex('', '')
#22 /home/kot/public_html/yii/framework/web/actions/CAction.php(107): ReflectionMethod->invokeArgs(Object(SiteController), Array)
#23 /home/kot/public_html/yii/framework/web/actions/CInlineAction.php(48): CAction->runWithParamsInternal(Object(SiteController), Object(ReflectionMethod), Array)
#24 /home/kot/public_html/yii/framework/web/CController.php(309): CInlineAction->runWithParams(Array)
#25 /home/kot/public_html/yii/framework/web/CController.php(287): CController->runAction(Object(CInlineAction))
#26 /home/kot/public_html/yii/framework/web/CController.php(266): CController->runActionWithFilters(Object(CInlineAction), Array)
#27 /home/kot/public_html/yii/framework/web/CWebApplication.php(276): CController->run('')
#28 /home/kot/public_html/yii/framework/web/CWebApplication.php(135): CWebApplication->runController('')
#29 /home/kot/public_html/yii/framework/base/CApplication.php(162): CWebApplication->processRequest()
#30 /home/kot/public_html/ekar/www/index.php(13): CApplication->run()
#31 {main}
REQUEST_URI=/
---
2012/07/05 13:34:09 [error] [exception.CHttpException.404] exception 'CHttpException' with message 'Невозможно обработать запрос "index".' in /home/kot/public_html/yii/framework/web/CWebApplication.php:280
Stack trace:
#0 /home/kot/public_html/yii/framework/web/CWebApplication.php(135): CWebApplication->runController('index')
#1 /home/kot/public_html/yii/framework/base/CApplication.php(162): CWebApplication->processRequest()
#2 /home/kot/public_html/ekar/www/index.php(13): CApplication->run()
#3 {main}
REQUEST_URI=/index
HTTP_REFERER=http://ekar/
---
2012/07/05 13:35:24 [error] [exception.CHttpException.404] exception 'CHttpException' with message 'Невозможно обработать запрос "index".' in /home/kot/public_html/yii/framework/web/CWebApplication.php:280
Stack trace:
#0 /home/kot/public_html/yii/framework/web/CWebApplication.php(135): CWebApplication->runController('index')
#1 /home/kot/public_html/yii/framework/base/CApplication.php(162): CWebApplication->processRequest()
#2 /home/kot/public_html/ekar/www/index.php(13): CApplication->run()
#3 {main}
REQUEST_URI=/index
HTTP_REFERER=http://ekar/
---
2012/07/05 13:39:04 [error] [exception.CHttpException.404] exception 'CHttpException' with message 'Невозможно обработать запрос "index".' in /home/kot/public_html/yii/framework/web/CWebApplication.php:280
Stack trace:
#0 /home/kot/public_html/yii/framework/web/CWebApplication.php(135): CWebApplication->runController('index')
#1 /home/kot/public_html/yii/framework/base/CApplication.php(162): CWebApplication->processRequest()
#2 /home/kot/public_html/ekar/www/index.php(13): CApplication->run()
#3 {main}
REQUEST_URI=/index
HTTP_REFERER=http://ekar/
---
2012/07/05 13:40:00 [error] [exception.CHttpException.404] exception 'CHttpException' with message 'Невозможно обработать запрос "index".' in /home/kot/public_html/yii/framework/web/CWebApplication.php:280
Stack trace:
#0 /home/kot/public_html/yii/framework/web/CWebApplication.php(135): CWebApplication->runController('index')
#1 /home/kot/public_html/yii/framework/base/CApplication.php(162): CWebApplication->processRequest()
#2 /home/kot/public_html/ekar/www/index.php(13): CApplication->run()
#3 {main}
REQUEST_URI=/index
HTTP_REFERER=http://ekar/
---
